-------------------------------------------------------------------------------
Test set: ejemplopipeline.DiezxcientoTest
-------------------------------------------------------------------------------
Tests run: 3, Failures: 1, Errors: 0, Skipped: 0, Time elapsed: 0.001 s <<< FAILURE! - in ejemplopipeline.DiezxcientoTest
testDiezxciento(ejemplopipeline.DiezxcientoTest)  Time elapsed: 0 s  <<< FAILURE!
java.lang.AssertionError: expected:<2400000> but was:<2300000>
	at ejemplopipeline.DiezxcientoTest.testDiezxciento(DiezxcientoTest.java:12)

