<?xml version="1.0" encoding="UTF-8"?>
<testsuite xmlns:xsi="http://www.w3.org/2001/XMLSchema-instance" xsi:noNamespaceSchemaLocation="https://maven.apache.org/surefire/maven-surefire-plugin/xsd/surefire-test-report.xsd" name="ejemplopipeline.DiezxcientoTest" time="0.001" tests="3" errors="0" skipped="0" failures="1">
  <properties>
[...]
</properties>
  <testcase name="testDiezxciento" classname="ejemplopipeline.DiezxcientoTest" time="0.001">
    <failure message="expected:&lt;2400000&gt; but was:&lt;2300000&gt;" type="java.lang.AssertionError"><![CDATA[java.lang.AssertionError: expected:<2400000> but was:<2300000>
	at ejemplopipeline.DiezxcientoTest.testDiezxciento(DiezxcientoTest.java:12)
]]></failure>
    <system-out><![CDATA[2300000.0
]]></system-out>
  </testcase>
  <testcase name="testSaldoAhorro" classname="ejemplopipeline.DiezxcientoTest" time="0"/>
  <testcase name="testImpuesto" classname="ejemplopipeline.DiezxcientoTest" time="0"/>
</testsuite>